<?xml version="1.0" encoding="UTF-8"?>
<!-- Generated by org.testng.reporters.JUnitReportReporter -->
<testsuite hostname="Lenovo-PC" name="testCases.TC001_CreateLead" tests="1" failures="0" timestamp="2 May 2017 18:44:31 GMT" time="101.634" errors="0">
  <testcase name="createLead" time="101.634" classname="testCases.TC001_CreateLead"/>
</testsuite> <!-- testCases.TC001_CreateLead -->
