<?xml version="1.0" encoding="UTF-8"?>
<!-- Generated by org.testng.reporters.JUnitReportReporter -->
<testsuite hostname="Lenovo-PC" name="testCases.TC002_EditLead" tests="1" failures="0" timestamp="3 May 2017 20:14:01 GMT" time="241.720" errors="0">
  <testcase name="editLead" time="241.720" classname="testCases.TC002_EditLead"/>
</testsuite> <!-- testCases.TC002_EditLead -->
